42-UPDATE #__pf_tasks SET title = 'Aumento Potenza', pod = 'IT001E00040222', content = 'test',
 mdate = '1348651867', edate = '0'
 , progress = '50', milestone = '0',
 priority = '0'
 WHERE id = '21'
42-DELETE FROM #__pf_task_users WHERE task_id = '21'
42-UPDATE #__pf_tasks SET title = 'Aumento Potenza', pod = 'IT001E00040222', content = 'test',
 mdate = '1348651958', edate = '0'
 , progress = '50', milestone = '0',
 priority = '0'
 WHERE id = '21'
42-DELETE FROM #__pf_task_users WHERE task_id = '21'
42-UPDATE #__pf_tasks SET title = 'Aumento Potenza', pod = 'IT001E00040222', content = 'test',
 mdate = '1348652003', edate = '0'
 , progress = '25', milestone = '0',
 priority = '0'
 WHERE id = '21'
42-DELETE FROM #__pf_task_users WHERE task_id = '21'
42-UPDATE #__pf_tasks SET title = 'Aumento Potenza', pod = 'IT001E00040222', content = 'test', mdate = '1348652325', edate = '0' , progress = '75', milestone = '0', priority = '0' WHERE id = '21'
42-DELETE FROM #__pf_task_users WHERE task_id = '21'
GTK-UPDATE #__pf_tasks SET title = 'Aumento Potenza', pod = 'IT001E00040222', content = 'test', mdate = '1348652454', edate = '0' , progress = '25', milestone = '0', priority = '0' WHERE id = '21'
GTK-DELETE FROM #__pf_task_users WHERE task_id = '21'
GTK-UPDATE #__pf_tasks SET title = 'Aumento Potenza', pod = 'IT001E00040222', content = 'test', mdate = '1348652543', edate = '0' , progress = '75', milestone = '0', priority = '0' WHERE id = '21'
GTK-DELETE FROM #__pf_task_users WHERE task_id = '21'
1348652597 - GTK: UPDATE #__pf_tasks SET title = 'Aumento Potenza', pod = 'IT001E00040222', content = 'test', mdate = '1348652597', edate = '0' , progress = '25', milestone = '0', priority = '0' WHERE id = '21'
1348652597 - GTK: DELETE FROM #__pf_task_users WHERE task_id = '21'
2012-09-26 11:45:37 - GTK: UPDATE #__pf_tasks SET title = 'Aumento Potenza', pod = 'IT001E00040222', content = 'test', mdate = '1348652737', edate = '0' , progress = '50', milestone = '0', priority = '0' WHERE id = '21'
1348652737 - GTK: DELETE FROM #__pf_task_users WHERE task_id = '21'
2012-09-26 11:48:53 - : 
1348652933 - GTK: DELETE FROM #__pf_task_users WHERE task_id = '21'
2012-09-26 11:50:06 - : UPDATE #__pf_tasks SET title = 'Aumento Potenza', pod = 'IT001E00040222', content = 'test', mdate = '1348653006', edate = '0' , progress = '25', milestone = '0', priority = '0' WHERE id = '21'
1348653006 - GTK: DELETE FROM #__pf_task_users WHERE task_id = '21'
2012-09-26 11:51:21 - GTK: UPDATE #__pf_tasks SET title = 'Aumento Potenza', pod = 'IT001E00040222', content = 'test', mdate = '1348653081', edate = '0' , progress = '50', milestone = '0', priority = '0' WHERE id = '21'
1348653081 - GTK: DELETE FROM #__pf_task_users WHERE task_id = '21'
2012-09-26 11:54:21 - GTK: UPDATE #__pf_tasks SET title = 'Aumento Potenza', pod = 'IT001E00040222', content = 'test', mdate = '1348653261', edate = '0' , progress = '75', milestone = '0', priority = '0' WHERE id = '21'
2012-09-26 11:54:21 - GTK: DELETE FROM #__pf_task_users WHERE task_id = '21'
2012-09-26 12:00:48 - GTK: UPDATE #__pf_tasks SET title = 'Aumento Potenza', pod = 'IT001E00040222', content = 'test', mdate = '1348653648', edate = '0' , progress = '25', milestone = '0', priority = '0' WHERE id = '21'
2012-09-26 12:00:48 - GTK: DELETE FROM #__pf_task_users WHERE task_id = '21'
2012-09-26 12:01:02 - GTK: UPDATE #__pf_tasks SET title = 'Aumento Potenza', pod = 'IT001E00040222', content = 'test', mdate = '1348653662', edate = '0' , progress = '0', milestone = '0', priority = '0' WHERE id = '21'
2012-09-26 12:01:02 - GTK: DELETE FROM #__pf_task_users WHERE task_id = '21'
2012-09-26 14:49:53 - GTK: UPDATE #__pf_tasks SET title = 'Richiesta disattivazione POD IT001E00040292', pod = 'IT001E00040292', content = '', mdate = '1348663793', edate = '0' , progress = '0', milestone = '0', priority = '4' WHERE id = '23'
2012-09-26 14:49:53 - GTK: DELETE FROM #__pf_task_users WHERE task_id = '23'
2012-09-26 14:50:26 - GTK: UPDATE #__pf_tasks SET title = 'Richiesta disattivazione', pod = 'IT001E00040292', content = '', mdate = '1348663826', edate = '0' , progress = '0', milestone = '0', priority = '4' WHERE id = '23'
2012-09-26 14:50:26 - GTK: DELETE FROM #__pf_task_users WHERE task_id = '23'
2012-09-26 14:50:54 - GTK: UPDATE #__pf_tasks SET title = 'Richiesta disattivazione POD', pod = 'IT001E00040292', content = '', mdate = '1348663854', edate = '0' , progress = '0', milestone = '0', priority = '4' WHERE id = '23'
2012-09-26 14:50:54 - GTK: DELETE FROM #__pf_task_users WHERE task_id = '23'
2012-09-26 14:50:55 - GTK: UPDATE #__pf_tasks SET title = 'Richiesta disattivazione POD', pod = 'IT001E00040292', content = '', mdate = '1348663855', edate = '0' , progress = '0', milestone = '0', priority = '4' WHERE id = '23'
2012-09-26 14:50:55 - GTK: DELETE FROM #__pf_task_users WHERE task_id = '23'
2012-09-26 14:54:38 - GTK: UPDATE #__pf_tasks SET title = 'Variazione Tensione', pod = 'IT001E00040276', content = '<p>Temporanea</p>', mdate = '1348664078', edate = '0' , progress = '0', milestone = '0', priority = '5' WHERE id = '24'
2012-09-26 14:54:38 - GTK: DELETE FROM #__pf_task_users WHERE task_id = '24'
2012-09-26 14:56:16 - GTK: UPDATE #__pf_tasks SET title = 'Variazione Tensione', pod = 'IT001E00040276', content = '<p>TemporaneaTemporaneaTemporanea Temporanea Temporanea Temporanea</p>\r\n<p>Temporanea</p>\r\n<p>Temporanea</p>\r\n<p>Temporanea</p>\r\n<p>Temporanea</p>\r\n<p>Temporanea</p>\r\n<p>Temporanea</p>\r\n<p>Temporanea</p>\r\n<p>Temporanea</p>\r\n<p>Temporanea</p>\r\n<p>Temporanea</p>\r\n<p>Temporanea</p>\r\n<p>Temporanea</p>\r\n<p>Temporanea</p>\r\n<p>Temporanea</p>\r\n<p>Temporanea</p>', mdate = '1348664176', edate = '0' , progress = '0', milestone = '0', priority = '5' WHERE id = '24'
2012-09-26 14:56:16 - GTK: DELETE FROM #__pf_task_users WHERE task_id = '24'
2012-09-26 14:56:51 - GTK: UPDATE #__pf_tasks SET title = 'Variazione Tensione', pod = 'IT001E00040276', content = '', mdate = '1348664211', edate = '0' , progress = '0', milestone = '0', priority = '5' WHERE id = '24'
2012-09-26 14:56:51 - GTK: DELETE FROM #__pf_task_users WHERE task_id = '24'
2012-09-26 15:00:10 - GTK: DELETE FROM #__pf_tasks WHERE id IN(8,10,11,15,6,7,9)
2012-09-26 15:00:10 - GTK: DELETE FROM #__pf_task_users WHERE task_id IN(8,10,11,15,6,7,9)
2012-09-26 15:00:10 - GTK: DELETE FROM #__pf_task_attachments WHERE task_id IN(8,10,11,15,6,7,9)
2012-09-26 15:00:37 - GTK: UPDATE #__pf_tasks SET title = 'Spostamento', pod = 'IT001E00041233', content = 'test 1', mdate = '1348664437', edate = '1348693200' , progress = '0', milestone = '0', priority = '0' WHERE id = '14'
2012-09-26 15:00:37 - GTK: DELETE FROM #__pf_task_users WHERE task_id = '14'
2012-09-26 15:00:54 - GTK: UPDATE #__pf_tasks SET title = 'Variazione Potenza', pod = '12384598', content = '330', mdate = '1348664454', edate = '1348689600' , progress = '50', milestone = '0', priority = '4' WHERE id = '5'
2012-09-26 15:00:54 - GTK: DELETE FROM #__pf_task_users WHERE task_id = '5'
2012-09-26 15:06:28 - GTK: UPDATE #__pf_tasks SET title = 'Spostamento POD', pod = 'IT001E00040276', content = '', mdate = '1348664788', edate = '1348666200' , progress = '0', milestone = '0', priority = '2' WHERE id = '26'
2012-09-26 15:06:28 - GTK: DELETE FROM #__pf_task_users WHERE task_id = '26'
2012-09-26 15:13:12 - GTK: UPDATE #__pf_tasks SET title = 'Variazione Potenza', pod = 'IT001E00040278', content = '', mdate = '1348665192', edate = '1348838100' , progress = '0', milestone = '0', priority = '4' WHERE id = '27'
2012-09-26 15:13:12 - GTK: DELETE FROM #__pf_task_users WHERE task_id = '27'
2012-09-26 16:01:53 - GTK: UPDATE #__pf_tasks SET title = 'Spostamento POD', pod = 'IT001E00040276', content = '', mdate = '1348668113', edate = '1348666200' , progress = '25', milestone = '0', priority = '2' WHERE id = '26'
2012-09-26 16:01:53 - GTK: DELETE FROM #__pf_task_users WHERE task_id = '26'
2012-09-26 16:03:44 - GTK: UPDATE #__pf_tasks SET title = 'Nuova Fornitura', pod = 'IT001E00040268', content = '', mdate = '1348668224', edate = '0' , progress = '25', milestone = '0', priority = '4' WHERE id = '25'
2012-09-26 16:03:44 - GTK: DELETE FROM #__pf_task_users WHERE task_id = '25'
2012-09-26 16:04:06 - GTK: UPDATE #__pf_tasks SET title = 'Variazione Potenza', pod = 'IT001E00040278', content = '', mdate = '1348668246', edate = '1348838100' , progress = '75', milestone = '0', priority = '4' WHERE id = '27'
2012-09-26 16:04:06 - GTK: DELETE FROM #__pf_task_users WHERE task_id = '27'
2012-09-26 16:04:23 - GTK: UPDATE #__pf_tasks SET title = 'Spostamento POD', fdate = '1348668263', pod = 'IT001E00040276', content = '', mdate = '1348668263', edate = '1348666200' , progress = '100', milestone = '0', priority = '2' WHERE id = '26'
2012-09-26 16:04:23 - GTK: DELETE FROM #__pf_task_users WHERE task_id = '26'
2012-09-26 16:42:02 - GTK: UPDATE #__pf_tasks SET title = 'Variazione Tensione', pod = 'IT001E00040276', content = '', mdate = '1348670522', edate = '1351176000' , progress = '25', milestone = '0', priority = '5' WHERE id = '24'
2012-09-26 16:42:02 - GTK: DELETE FROM #__pf_task_users WHERE task_id = '24'
2012-09-26 16:42:23 - GTK: UPDATE #__pf_tasks SET title = 'Variazione Tensione', pod = 'IT001E00040276', content = '', mdate = '1348670543', edate = '1351176000' , progress = '50', milestone = '0', priority = '5' WHERE id = '24'
2012-09-26 16:42:23 - GTK: DELETE FROM #__pf_task_users WHERE task_id = '24'
2012-09-27 11:09:11 - GTK: UPDATE #__pf_tasks SET title = 'Variazione Tensione', pod = 'IT001E00040276', content = '', mdate = '1348736951', edate = '1351176000' , progress = '75', milestone = '0', priority = '5' WHERE id = '24'
2012-09-27 11:09:11 - GTK: DELETE FROM #__pf_task_users WHERE task_id = '24'
2012-09-27 15:09:12 - GTK: UPDATE #__pf_tasks SET title = 'Variazione Tensione', pod = 'IT001E00040276', content = '', mdate = '1348751352', edate = '1351176000' , progress = '50', milestone = '0', priority = '5' WHERE id = '24'
2012-09-27 15:09:12 - GTK: DELETE FROM #__pf_task_users WHERE task_id = '24'
2012-09-27 15:40:22 - GTK: UPDATE #__pf_tasks SET title = 'Variazione Potenza', pod = 'IT001E00040278', content = '', mdate = '1348753222', edate = '1348838100' , progress = '75', milestone = '0', priority = '4' WHERE id = '27'
2012-09-27 15:40:22 - GTK: DELETE FROM #__pf_task_users WHERE task_id = '27'
2012-09-27 15:42:09 - GTK: UPDATE #__pf_tasks SET title = 'Variazione Potenza', pod = 'IT001E00040278', content = '', mdate = '1348753329', edate = '1348838100' , progress = '75', milestone = '0', priority = '4' WHERE id = '27'
2012-09-27 15:42:09 - GTK: DELETE FROM #__pf_task_users WHERE task_id = '27'
2012-09-27 15:47:50 - GTK: UPDATE #__pf_tasks SET title = 'Variazione Potenza', pod = 'IT001E00040278', content = '', mdate = '1348753670', edate = '1348838100' , progress = '50', milestone = '0', priority = '4' WHERE id = '27'
2012-09-27 15:47:50 - GTK: DELETE FROM #__pf_task_users WHERE task_id = '27'
2012-09-27 15:48:10 - GTK: UPDATE #__pf_tasks SET title = 'Variazione Potenza', pod = 'IT001E00040278', content = '', mdate = '1348753690', edate = '1348838100' , progress = '50', milestone = '0', priority = '4' WHERE id = '27'
2012-09-27 15:48:10 - GTK: DELETE FROM #__pf_task_users WHERE task_id = '27'
2012-09-27 15:49:15 - GTK: UPDATE #__pf_tasks SET title = 'Variazione Potenza', pod = 'IT001E00040278', content = '', mdate = '1348753755', edate = '1348838100' , progress = '75', milestone = '0', priority = '4' WHERE id = '27'
2012-09-27 15:49:15 - GTK: DELETE FROM #__pf_task_users WHERE task_id = '27'
2012-09-27 15:50:35 - GTK: UPDATE #__pf_tasks SET title = 'Variazione Tensione', pod = 'IT001E00040276', content = '', mdate = '1348753835', edate = '1351176000' , progress = '50', milestone = '0', priority = '5' WHERE id = '24'
2012-09-27 15:50:35 - GTK: DELETE FROM #__pf_task_users WHERE task_id = '24'
2012-09-27 15:51:13 - GTK: UPDATE #__pf_tasks SET title = 'Variazione Tensione', pod = 'IT001E00040276', content = '', mdate = '1348753873', edate = '1351176000' , progress = '50', milestone = '0', priority = '5' WHERE id = '24'
2012-09-27 15:51:13 - GTK: DELETE FROM #__pf_task_users WHERE task_id = '24'
2012-09-27 16:24:29 - GTK: DELETE FROM #__pf_tasks WHERE id IN(28,29)
2012-09-27 16:24:29 - GTK: DELETE FROM #__pf_task_users WHERE task_id IN(28,29)
2012-09-27 16:24:29 - GTK: DELETE FROM #__pf_task_attachments WHERE task_id IN(28,29)
2012-09-27 17:45:59 - GTK: DELETE FROM #__pf_tasks WHERE id IN(31,32,33,34,30)
2012-09-27 17:45:59 - GTK: DELETE FROM #__pf_task_users WHERE task_id IN(31,32,33,34,30)
2012-09-27 17:45:59 - GTK: DELETE FROM #__pf_task_attachments WHERE task_id IN(31,32,33,34,30)
2012-09-28 09:36:21 - GTK: UPDATE #__pf_tasks SET title = 'Variazione Tensione', pod = 'IT001E00040276', content = 'v1', mdate = '1348817781', edate = '1351176000' , progress = '50', milestone = '0', priority = '5' WHERE id = '24'
2012-09-28 09:36:21 - GTK: DELETE FROM #__pf_task_users WHERE task_id = '24'
2012-09-28 09:37:09 - GTK: UPDATE #__pf_tasks SET title = 'Variazione Tensione', pod = 'IT001E00040276', content = 'v1', mdate = '1348817829', edate = '1351176000' , progress = '50', milestone = '0', priority = '5' WHERE id = '24'
2012-09-28 09:37:09 - GTK: DELETE FROM #__pf_task_users WHERE task_id = '24'
2012-09-28 09:47:27 - GTK: UPDATE #__pf_tasks SET title = 'Variazione Tensione', pod = 'IT001E00040276', content = 'v2', mdate = '1348818447', edate = '1351176000' , progress = '50', milestone = '0', priority = '5' WHERE id = '24'
2012-09-28 09:47:27 - GTK: DELETE FROM #__pf_task_users WHERE task_id = '24'
2012-09-28 09:50:55 - GTK: UPDATE #__pf_tasks SET title = 'Variazione Tensione', pod = 'IT001E00040276', content = 'v2', mdate = '1348818655', edate = '1351176000' , progress = '50', milestone = '0', priority = '5' WHERE id = '24'
2012-09-28 09:50:55 - GTK: DELETE FROM #__pf_task_users WHERE task_id = '24'
2012-09-28 09:58:14 - GTK: UPDATE #__pf_tasks SET title = 'Variazione Tensione', pod = 'IT001E00040276', content = 'v7', mdate = '1348819094', edate = '1351176000' , progress = '50', milestone = '0', priority = '5' WHERE id = '24'
2012-09-28 09:58:14 - GTK: DELETE FROM #__pf_task_users WHERE task_id = '24'
2012-09-28 10:01:29 - GTK: UPDATE #__pf_tasks SET title = 'Variazione Tensione', pod = 'IT001E00040276', content = 'v7b', mdate = '1348819289', edate = '1351176000' , progress = '50', milestone = '0', priority = '5' WHERE id = '24'
2012-09-28 10:01:29 - GTK: DELETE FROM #__pf_task_users WHERE task_id = '24'
2012-09-28 10:33:46 - GTK: UPDATE #__pf_tasks SET title = 'Variazione Tensione', pod = 'IT001E00040276', content = 'v7bk', mdate = '1348821226', edate = '1351176000' , progress = '50', milestone = '0', priority = '5' WHERE id = '24'
2012-09-28 10:33:46 - GTK: DELETE FROM #__pf_task_users WHERE task_id = '24'
2012-09-28 11:29:48 - GTK: UPDATE #__pf_tasks SET title = 'Variazione Tensione', pod = 'IT001E00040276', content = 'v7bks', mdate = '1348824588', edate = '1351176000' , progress = '50', milestone = '0', priority = '5' WHERE id = '24'
2012-09-28 11:29:48 - GTK: DELETE FROM #__pf_task_users WHERE task_id = '24'
2012-09-28 11:57:07 - GTK: Tabella variazioni8a.xlsx
2012-09-28 11:57:07 - GTK: INSERT INTO #__pf_files VALUES( NULL, 'Tabella variazioni8a.xlsx', 'bd8fc1bcc516e1b2f628867d9f416e62193506574734276b_', 'v56', '42', '6', '0', '0', '1348826227',  '1348826227')
2012-10-01 10:28:28 - GTK: SELECT title FROM #__pf_tasks WHERE id = '24'
2012-10-01 10:31:44 - GTK: SELECT title FROM #__pf_tasks WHERE id = '24'
2012-10-01 10:32:11 - GTK: SELECT title FROM #__pf_tasks WHERE id = '24'
2012-10-01 10:32:40 - GTK: SELECT title FROM #__pf_tasks WHERE id = '24'
2012-10-01 10:55:39 - GTK: SELECT title FROM #__pf_tasks WHERE id = '24'
2012-10-01 10:58:38 - GTK: SELECT title FROM #__pf_tasks WHERE id = '24'
2012-10-01 10:59:40 - GTK: SELECT title FROM #__pf_tasks WHERE id = '24'
2012-10-01 11:00:36 - GTK: SELECT title FROM #__pf_tasks WHERE id = '24'
2012-10-01 11:01:24 - GTK: SELECT title FROM #__pf_tasks WHERE id = '24'
2012-10-01 11:02:56 - GTK: SELECT title FROM #__pf_tasks WHERE id = '24'
2012-10-01 11:03:36 - GTK: SELECT title FROM #__pf_tasks WHERE id = '24'
2012-10-01 11:04:30 - GTK: SELECT title FROM #__pf_tasks WHERE id = '24'
2012-10-01 11:04:43 - GTK: SELECT title FROM #__pf_tasks WHERE id = '24'
2012-10-01 11:05:35 - GTK: SELECT title FROM #__pf_tasks WHERE id = '24'
2012-10-01 11:08:06 - GTK: SELECT title FROM #__pf_tasks WHERE id = '24'
2012-10-01 11:11:01 - GTK: SELECT title FROM #__pf_tasks WHERE id = '24'
2012-10-01 11:12:27 - GTK: SELECT title FROM #__pf_tasks WHERE id = '24'
2012-10-01 11:19:15 - GTK: SELECT title FROM #__pf_tasks WHERE id = '24'
2012-10-01 11:22:07 - GTK: SELECT title FROM #__pf_tasks WHERE id = '24'
2012-10-01 11:24:13 - GTK: SELECT title FROM #__pf_tasks WHERE id = '24'
2012-10-01 11:28:04 - GTK: SELECT title FROM #__pf_tasks WHERE id = '24'
2012-10-01 11:28:36 - GTK: SELECT title FROM #__pf_tasks WHERE id = '24'
2012-10-01 11:33:07 - GTK: SELECT title FROM #__pf_tasks WHERE id = '24'
2012-10-01 11:39:02 - GTK: SELECT title FROM #__pf_tasks WHERE id = '24'
2012-10-01 14:49:34 - GTK: asd1
2012-10-01 15:09:42 - GTK: asd1
2012-10-01 15:14:26 - GTK: UPDATE #__pf_tasks SET title = 'Variazione Tensione', pod = 'IT001E00040276', content = 'v7bksasd', mdate = '1349097266', edate = '1351176000' , progress = '50', milestone = '0', priority = '5' WHERE id = '24'
2012-10-01 15:14:26 - GTK: DELETE FROM #__pf_task_users WHERE task_id = '24'
2012-10-01 15:14:27 - GTK: asd
2012-10-01 15:16:17 - GTK: UPDATE #__pf_tasks SET title = 'Variazione Tensione', pod = 'IT001E00040276', content = 'v7bksasdefd', mdate = '1349097377', edate = '1351176000' , progress = '50', milestone = '0', priority = '5' WHERE id = '24'
2012-10-01 15:16:17 - GTK: DELETE FROM #__pf_task_users WHERE task_id = '24'
2012-10-01 15:16:47 - GTK: UPDATE #__pf_tasks SET title = 'Variazione Tensione', pod = 'IT001E00040276', content = 'v7bksasdefdffff', mdate = '1349097407', edate = '1351176000' , progress = '50', milestone = '0', priority = '5' WHERE id = '24'
2012-10-01 15:16:47 - GTK: DELETE FROM #__pf_task_users WHERE task_id = '24'
2012-10-01 15:21:10 - GTK: asd1
2012-10-01 15:21:14 - GTK: UPDATE #__pf_tasks SET title = 'Variazione Tensione', pod = 'IT001E00040276', content = 'v7bksasdefdffff', mdate = '1349097674', edate = '1351176000' , progress = '50', milestone = '0', priority = '5' WHERE id = '24'
2012-10-01 15:21:14 - GTK: DELETE FROM #__pf_task_users WHERE task_id = '24'
2012-10-01 15:21:15 - GTK: asd
2012-10-01 15:21:56 - GTK: UPDATE #__pf_tasks SET title = 'Variazione Tensione', pod = 'IT001E00040276', content = 'v7bksasdefdffffefe', mdate = '1349097716', edate = '1351176000' , progress = '50', milestone = '0', priority = '5' WHERE id = '24'
2012-10-01 15:21:56 - GTK: DELETE FROM #__pf_task_users WHERE task_id = '24'
2012-10-01 15:21:56 - GTK: asd
2012-10-01 15:23:01 - GTK: UPDATE #__pf_tasks SET title = 'Variazione Tensione', pod = 'IT001E00040276', content = 'v123', mdate = '1349097781', edate = '1351176000' , progress = '50', milestone = '0', priority = '5' WHERE id = '24'
2012-10-01 15:23:01 - GTK: DELETE FROM #__pf_task_users WHERE task_id = '24'
2012-10-01 15:23:01 - GTK: asd
2012-10-01 15:53:14 - GTK: UPDATE #__pf_tasks SET title = 'Variazione Tensione', pod = 'IT001E00040276', content = 'v1234321', mdate = '1349099594', edate = '1351176000' , progress = '50', milestone = '0', priority = '5' WHERE id = '24'
2012-10-01 15:53:14 - GTK: DELETE FROM #__pf_task_users WHERE task_id = '24'
2012-10-01 16:30:40 - GTK: UPDATE #__pf_tasks SET title = 'Variazione Tensione', pod = 'IT001E00040276', content = 'vOOO', mdate = '1349101840', edate = '1351176000' , progress = '50', milestone = '0', priority = '5' WHERE id = '24'
2012-10-01 16:30:40 - GTK: DELETE FROM #__pf_task_users WHERE task_id = '24'
2012-10-01 16:33:06 - GTK: UPDATE #__pf_tasks SET title = 'Variazione Tensione', pod = 'IT001E00040276', content = 'a1', mdate = '1349101986', edate = '1351176000' , progress = '50', milestone = '0', priority = '5' WHERE id = '24'
2012-10-01 16:33:06 - GTK: DELETE FROM #__pf_task_users WHERE task_id = '24'
2012-10-01 16:37:23 - GTK: UPDATE #__pf_tasks SET title = 'Variazione Tensione', pod = 'IT001E00040276', content = 'a3', mdate = '1349102243', edate = '1351176000' , progress = '50', milestone = '0', priority = '5' WHERE id = '24'
2012-10-01 16:37:23 - GTK: DELETE FROM #__pf_task_users WHERE task_id = '24'
2012-10-01 16:38:52 - GTK: UPDATE #__pf_tasks SET title = 'Variazione Tensione', pod = 'IT001E00040276', content = 'a4', mdate = '1349102332', edate = '1351176000' , progress = '50', milestone = '0', priority = '5' WHERE id = '24'
2012-10-01 16:38:52 - GTK: DELETE FROM #__pf_task_users WHERE task_id = '24'
2012-10-01 16:38:57 - GTK: UPDATE #__pf_tasks SET title = 'Variazione Tensione', pod = 'IT001E00040276', content = 'a4', mdate = '1349102337', edate = '1351176000' , progress = '50', milestone = '0', priority = '5' WHERE id = '24'
2012-10-01 16:38:57 - GTK: DELETE FROM #__pf_task_users WHERE task_id = '24'
2012-10-01 16:39:29 - GTK: UPDATE #__pf_tasks SET title = 'Variazione Tensione', pod = 'IT001E00040276', content = 'a4', mdate = '1349102369', edate = '1351176000' , progress = '50', milestone = '0', priority = '5' WHERE id = '24'
2012-10-01 16:39:29 - GTK: DELETE FROM #__pf_task_users WHERE task_id = '24'
2012-10-01 16:39:33 - GTK: UPDATE #__pf_tasks SET title = 'Variazione Tensione', pod = 'IT001E00040276', content = 'a4', mdate = '1349102373', edate = '1351176000' , progress = '50', milestone = '0', priority = '5' WHERE id = '24'
2012-10-01 16:39:33 - GTK: DELETE FROM #__pf_task_users WHERE task_id = '24'
2012-10-01 16:40:04 - GTK: UPDATE #__pf_tasks SET title = 'Variazione Tensione', pod = 'IT001E00040276', content = 'a6', mdate = '1349102404', edate = '1351176000' , progress = '50', milestone = '0', priority = '5' WHERE id = '24'
2012-10-01 16:40:04 - GTK: DELETE FROM #__pf_task_users WHERE task_id = '24'
2012-10-01 16:40:32 - GTK: UPDATE #__pf_tasks SET title = 'Variazione Tensione', pod = 'IT001E00040276', content = 'a6', mdate = '1349102432', edate = '1351176000' , progress = '50', milestone = '0', priority = '5' WHERE id = '24'
2012-10-01 16:40:32 - GTK: DELETE FROM #__pf_task_users WHERE task_id = '24'
2012-10-01 16:41:30 - GTK: UPDATE #__pf_tasks SET title = 'Variazione Tensione', pod = 'IT001E00040276', content = 'a7', mdate = '1349102490', edate = '1351176000' , progress = '50', milestone = '0', priority = '5' WHERE id = '24'
2012-10-01 16:41:30 - GTK: DELETE FROM #__pf_task_users WHERE task_id = '24'
2012-10-01 16:44:49 - GTK: UPDATE #__pf_tasks SET title = 'Variazione Tensione', pod = 'IT001E00040276', content = 'a6', mdate = '1349102689', edate = '1351176000' , progress = '50', milestone = '0', priority = '5' WHERE id = '24'
2012-10-01 16:44:49 - GTK: DELETE FROM #__pf_task_users WHERE task_id = '24'
2012-10-01 16:45:02 - GTK: UPDATE #__pf_tasks SET title = 'Variazione Tensione', pod = 'IT001E00040276', content = 'a6', mdate = '1349102702', edate = '1351176000' , progress = '50', milestone = '0', priority = '5' WHERE id = '24'
2012-10-01 16:45:02 - GTK: DELETE FROM #__pf_task_users WHERE task_id = '24'
2012-10-01 16:45:50 - GTK: UPDATE #__pf_tasks SET title = 'Variazione Tensione', pod = 'IT001E00040276', content = 'a6', mdate = '1349102750', edate = '1351176000' , progress = '50', milestone = '0', priority = '5' WHERE id = '24'
2012-10-01 16:45:50 - GTK: DELETE FROM #__pf_task_users WHERE task_id = '24'
2012-10-01 16:47:57 - GTK: UPDATE #__pf_tasks SET title = 'Variazione Tensione', pod = 'IT001E00040276', content = 'a9', mdate = '1349102877', edate = '1351176000' , progress = '50', milestone = '0', priority = '5' WHERE id = '24'
2012-10-01 16:47:57 - GTK: DELETE FROM #__pf_task_users WHERE task_id = '24'
2012-10-01 16:49:13 - GTK: UPDATE #__pf_tasks SET title = 'Variazione Tensione', pod = 'IT001E00040276', content = 'a10', mdate = '1349102953', edate = '1351176000' , progress = '50', milestone = '0', priority = '5' WHERE id = '24'
2012-10-01 16:49:13 - GTK: DELETE FROM #__pf_task_users WHERE task_id = '24'
2012-10-01 16:49:14 - GTK: 0
2012-10-01 16:53:28 - GTK: UPDATE #__pf_tasks SET title = 'Variazione Tensione', pod = 'IT001E00040276', content = 'a12', mdate = '1349103208', edate = '1351176000' , progress = '50', milestone = '0', priority = '5' WHERE id = '24'
2012-10-01 16:53:28 - GTK: DELETE FROM #__pf_task_users WHERE task_id = '24'
2012-10-01 16:53:29 - GTK: 0
2012-10-01 17:00:48 - GTK: UPDATE #__pf_tasks SET title = 'Variazione Tensione', pod = 'IT001E00040276', content = 'a13', mdate = '1349103648', edate = '1351176000' , progress = '50', milestone = '0', priority = '5' WHERE id = '24'
2012-10-01 17:00:48 - GTK: DELETE FROM #__pf_task_users WHERE task_id = '24'
2012-10-01 17:00:49 - GTK: 0
2012-10-01 17:01:23 - GTK: UPDATE #__pf_tasks SET title = 'Variazione Tensione', pod = 'IT001E00040276', content = 'a13a', mdate = '1349103683', edate = '1351176000' , progress = '50', milestone = '0', priority = '5' WHERE id = '24'
2012-10-01 17:01:23 - GTK: DELETE FROM #__pf_task_users WHERE task_id = '24'
2012-10-01 17:01:24 - GTK: 0
2012-10-01 17:04:14 - GTK: UPDATE #__pf_tasks SET title = 'Variazione Tensione', pod = 'IT001E00040276', content = 'a14', mdate = '1349103854', edate = '1351176000' , progress = '50', milestone = '0', priority = '5' WHERE id = '24'
2012-10-01 17:04:14 - GTK: DELETE FROM #__pf_task_users WHERE task_id = '24'
2012-10-01 17:04:15 - GTK: 
2012-10-01 17:05:43 - GTK: UPDATE #__pf_tasks SET title = 'Variazione Tensione', pod = 'IT001E00040276', content = 'a14ff', mdate = '1349103943', edate = '1351176000' , progress = '50', milestone = '0', priority = '5' WHERE id = '24'
2012-10-01 17:05:43 - GTK: DELETE FROM #__pf_task_users WHERE task_id = '24'
2012-10-01 17:05:44 - GTK: 
2012-10-01 17:07:28 - GTK: UPDATE #__pf_tasks SET title = 'Variazione Tensione', pod = 'IT001E00040276', content = 'a14ffg', mdate = '1349104048', edate = '1351176000' , progress = '50', milestone = '0', priority = '5' WHERE id = '24'
2012-10-01 17:07:28 - GTK: DELETE FROM #__pf_task_users WHERE task_id = '24'
2012-10-01 17:07:29 - GTK: 1
2012-10-01 17:07:29 - GTK: 
2012-10-01 17:19:42 - GTK: UPDATE #__pf_tasks SET title = 'Variazione Tensione', pod = 'IT001E00040276', content = 'b2', mdate = '1349104782', edate = '1351176000' , progress = '50', milestone = '0', priority = '5' WHERE id = '24'
2012-10-01 17:19:42 - GTK: DELETE FROM #__pf_task_users WHERE task_id = '24'
2012-10-01 17:20:51 - GTK: UPDATE #__pf_tasks SET title = 'Variazione Tensione', pod = 'IT001E00040276', content = 'b2a', mdate = '1349104851', edate = '1351176000' , progress = '50', milestone = '0', priority = '5' WHERE id = '24'
2012-10-01 17:20:51 - GTK: DELETE FROM #__pf_task_users WHERE task_id = '24'
2012-10-01 17:20:51 - GTK: 0
2012-10-01 17:24:22 - GTK: UPDATE #__pf_tasks SET title = 'Variazione Tensione', pod = 'IT001E00040276', content = 'b2b', mdate = '1349105062', edate = '1351176000' , progress = '50', milestone = '0', priority = '5' WHERE id = '24'
2012-10-01 17:24:22 - GTK: DELETE FROM #__pf_task_users WHERE task_id = '24'
2012-10-01 17:24:23 - GTK: 0
2012-10-01 17:25:37 - GTK: UPDATE #__pf_tasks SET title = 'Variazione Tensione', pod = 'IT001E00040276', content = 'b2bf', mdate = '1349105137', edate = '1351176000' , progress = '50', milestone = '0', priority = '5' WHERE id = '24'
2012-10-01 17:25:37 - GTK: DELETE FROM #__pf_task_users WHERE task_id = '24'
2012-10-01 17:25:38 - GTK: 0
2012-10-01 17:27:07 - GTK: UPDATE #__pf_tasks SET title = 'Variazione Tensione', pod = 'IT001E00040276', content = 'b2bfs', mdate = '1349105227', edate = '1351176000' , progress = '50', milestone = '0', priority = '5' WHERE id = '24'
2012-10-01 17:27:07 - GTK: DELETE FROM #__pf_task_users WHERE task_id = '24'
2012-10-01 17:27:07 - GTK: 0
2012-10-01 17:32:18 - GTK: UPDATE #__pf_tasks SET title = 'Variazione Tensione', pod = 'IT001E00040276', content = 'abcdef', mdate = '1349105538', edate = '1351176000' , progress = '50', milestone = '0', priority = '5' WHERE id = '24'
2012-10-01 17:32:18 - GTK: DELETE FROM #__pf_task_users WHERE task_id = '24'
2012-10-01 17:32:18 - GTK: 0
2012-10-01 17:34:42 - GTK: UPDATE #__pf_tasks SET title = 'Variazione Tensione', pod = 'IT001E00040276', content = 'abcdefb', mdate = '1349105682', edate = '1351176000' , progress = '50', milestone = '0', priority = '5' WHERE id = '24'
2012-10-01 17:34:42 - GTK: DELETE FROM #__pf_task_users WHERE task_id = '24'
2012-10-01 17:34:42 - GTK: 1
2012-10-01 17:34:42 - GTK: INSERT INTO #__pf_files VALUES(NULL, 'Tabella variazioneb3.xlsx', 'a639bc95247064a669529dcf7924874e765069b812ec45b_', 'b2323', '42', '6', 0, '0', '1349105682', '1349105682')
2012-10-01 17:35:18 - GTK: UPDATE #__pf_tasks SET title = 'Variazione Tensione', pod = 'IT001E00040276', content = 'ABCD', mdate = '1349105718', edate = '1351176000' , progress = '50', milestone = '0', priority = '5' WHERE id = '24'
2012-10-01 17:35:18 - GTK: DELETE FROM #__pf_task_users WHERE task_id = '24'
2012-10-01 17:35:18 - GTK: 1
2012-10-01 17:35:18 - GTK: INSERT INTO #__pf_files VALUES(NULL, 'Tabella variazioneb4.xlsx', '5f2fb73a33f2ac6b13e468ec635b71434215069b836e11d1_', 'b4', '42', '6', 0, '0', '1349105718', '1349105718')
2012-10-01 17:36:18 - GTK: UPDATE #__pf_tasks SET title = 'Variazione Potenza', pod = 'IT001E00040278', content = 'C1', mdate = '1349105778', edate = '1348838100' , progress = '75', milestone = '0', priority = '4' WHERE id = '27'
2012-10-01 17:36:18 - GTK: DELETE FROM #__pf_task_users WHERE task_id = '27'
2012-10-01 17:36:19 - GTK: 1
2012-10-01 17:36:19 - GTK: INSERT INTO #__pf_files VALUES(NULL, 'Tabella variazioneC1.xlsx', '9d90135a2ecc02d3a76ad054063e5f141775069b87333c9c_', 'C1', '42', '6', 0, '0', '1349105779', '1349105779')
2012-10-01 17:38:10 - GTK: UPDATE #__pf_tasks SET title = 'Variazione Potenza', pod = 'IT001E00040278', content = 'C2', mdate = '1349105890', edate = '1348838100' , progress = '75', milestone = '0', priority = '4' WHERE id = '27'
2012-10-01 17:38:10 - GTK: DELETE FROM #__pf_task_users WHERE task_id = '27'
2012-10-01 17:38:10 - GTK: 1
2012-10-01 17:38:10 - GTK: INSERT INTO #__pf_files VALUES(NULL, 'Tabella variazioneC2.xlsx', 'a9f9bebf0bb44c594d65e50f07cc97949915069b8e296ecc_', 'C2', '42', '6', 0, '0', '1349105890', '1349105890')
2012-10-01 17:38:10 - GTK: INSERT INTO #__pf_task_attachments VALUES(NULL,'27','45','file')
2012-10-01 17:39:06 - GTK: UPDATE #__pf_tasks SET title = 'Variazione Potenza', pod = 'IT001E00040278', content = 'C2', mdate = '1349105946', edate = '1348838100' , progress = '75', milestone = '0', priority = '4' WHERE id = '27'
2012-10-01 17:39:06 - GTK: DELETE FROM #__pf_task_users WHERE task_id = '27'
2012-10-01 17:39:06 - GTK: 1
2012-10-01 17:39:06 - GTK: INSERT INTO #__pf_files VALUES(NULL, 'Tabella variazioneC3.xlsx', 'b2096afb5c53a1986863562212c9d9c17685069b91abff42_', 'C3', '42', '6', 0, '0', '1349105946', '1349105946')
2012-10-01 17:39:06 - GTK: INSERT INTO #__pf_task_attachments VALUES(NULL,'27','46','file')
2012-10-01 17:40:50 - GTK: UPDATE #__pf_tasks SET title = 'Variazione Potenza', pod = 'IT001E00040278', content = 'C2', mdate = '1349106050', edate = '1348838100' , progress = '75', milestone = '0', priority = '4' WHERE id = '27'
2012-10-01 17:40:50 - GTK: DELETE FROM #__pf_task_users WHERE task_id = '27'
2012-10-01 17:40:51 - GTK: 1
2012-10-01 17:40:51 - GTK: INSERT INTO #__pf_files VALUES(NULL, 'Tabella variazioneC4.xlsx', '8422f4002b496a41c1192e8aa17a8a477295069b98306f40_', 'C4', '42', '6', 0, '0', '1349106051', '1349106051')
2012-10-01 17:40:51 - GTK: INSERT INTO #__pf_task_attachments VALUES(NULL,'27','47','file')
2012-10-02 09:12:34 - GTK: UPDATE #__pf_tasks SET title = 'Variazione Tensione', pod = 'IT001E00040276', content = 'ABCDEFG', mdate = '1349161954', edate = '1351176000' , progress = '75', milestone = '0', priority = '5' WHERE id = '24'
2012-10-02 09:12:34 - GTK: DELETE FROM #__pf_task_users WHERE task_id = '24'
2012-10-02 09:12:35 - GTK: 1
2012-10-02 09:12:35 - GTK: INSERT INTO #__pf_files VALUES(NULL, 'Tabella variazioneCAC.xlsx', 'e61a1d684c33744cf8d5d4ce5dbbea92495506a93e34b708_', 'ABCDEFG', '42', '6', 0, '0', '1349161955', '1349161955')
2012-10-02 09:12:35 - GTK: INSERT INTO #__pf_task_attachments VALUES(NULL,'24','48','file')
2012-10-02 09:32:33 - GTK: UPDATE #__pf_tasks SET title = 'Variazione Tensione', pod = 'IT001E00040276', content = 'ABCDEFG', mdate = '1349163153', edate = '1351176000' , progress = '75', milestone = '0', priority = '5' WHERE id = '24'
2012-10-02 09:32:33 - GTK: DELETE FROM #__pf_task_users WHERE task_id = '24'
2012-10-02 09:32:33 - GTK: 1
2012-10-02 09:32:33 - GTK: INSERT INTO #__pf_files VALUES(NULL, 'Tabella variazioneCAC.xlsx', 'e61a1d684c33744cf8d5d4ce5dbbea9250506a9891d1a1c_', 'CAC', '42', '6', 0, '0', '1349163153', '1349163153')
2012-10-02 09:32:33 - GTK: INSERT INTO #__pf_task_attachments VALUES(NULL,'24','49','file')
2012-10-02 09:45:42 - GTK: UPDATE #__pf_tasks SET title = 'Variazione Tensione', pod = 'IT001E00040276', content = 'ABCDEFGH', mdate = '1349163942', edate = '1351176000' , progress = '75', milestone = '0', priority = '5' WHERE id = '24'
2012-10-02 09:45:42 - GTK: DELETE FROM #__pf_task_users WHERE task_id = '24'
2012-10-02 09:45:42 - GTK: 1
2012-10-02 09:45:42 - GTK: INSERT INTO #__pf_files VALUES(NULL, 'Tabella variazioneCBC.xlsx', 'dfb9460248cda105f989259f24323fbe92506a9ba6e9b15_', 'CBC', '42', '6', 0, '0', '1349163942', '1349163942')
2012-10-02 09:45:42 - GTK: INSERT INTO #__pf_task_attachments VALUES(NULL,'24','50','file')
2012-10-02 09:47:53 - GTK: UPDATE #__pf_tasks SET title = 'Variazione Tensione', pod = 'IT001E00040276', content = 'ABCDEFGH', mdate = '1349164073', edate = '1351176000' , progress = '75', milestone = '0', priority = '5' WHERE id = '24'
2012-10-02 09:47:53 - GTK: DELETE FROM #__pf_task_users WHERE task_id = '24'
2012-10-02 09:47:53 - GTK: 1
2012-10-02 09:47:53 - GTK: INSERT INTO #__pf_files VALUES(NULL, 'Tabella variazioneCBCD.xlsx', '2220eccbe1087b3367ad56922f2c074a843506a9c298c626_', 'CBCD', '42', '6', 0, '0', '1349164073', '1349164073')
2012-10-02 09:47:53 - GTK: INSERT INTO #__pf_task_attachments VALUES(NULL,'24','51','file')
2012-10-02 10:22:35 - GTK: 0
2012-10-02 10:36:27 - GTK: 36
2012-10-02 10:44:24 - GTK: 37
2012-10-02 10:53:29 - GTK: DELETE FROM #__pf_tasks WHERE id IN(36,37,35)
2012-10-02 10:53:29 - GTK: DELETE FROM #__pf_task_users WHERE task_id IN(36,37,35)
2012-10-02 10:53:29 - GTK: DELETE FROM #__pf_task_attachments WHERE task_id IN(36,37,35)
2012-10-02 10:53:55 - GTK: 38
2012-10-02 10:53:56 - GTK: INSERT INTO #__pf_files VALUES(NULL, 'Tabella variazioneCfg1.xlsx', 'c1738d67a771750f93ffe003bd61c8fe472506aaba3dfc37_', 'cfg1', '42', '6', 0, '0', '1349168035', '1349168035')
2012-10-02 11:18:23 - GTK: UPDATE #__pf_tasks SET title = 'Variazione Tensione', pod = 'IT001E00040276', content = 'ILMNO', mdate = '1349169503', edate = '1351176000' , progress = '75', milestone = '0', priority = '5' WHERE id = '24'
2012-10-02 11:18:23 - GTK: DELETE FROM #__pf_task_users WHERE task_id = '24'
2012-10-02 11:18:24 - GTK: INSERT INTO #__pf_files VALUES(NULL, 'Tabella variazioneILMNO.xlsx', '3f912293f4d110654a863b8fde20bf2d353506ab1603fe1a_', 'ILMNO', '42', '6', 0, '0', '1349169504', '1349169504')
2012-10-02 11:18:24 - GTK: INSERT INTO #__pf_task_attachments VALUES(NULL,'24','53','file')
2012-10-02 11:32:05 - GTK: UPDATE #__pf_tasks SET title = 'Variazione Tensione a5', pod = 'IT001E00040249', content = 'a5', mdate = '1349170325', edate = '0' , progress = '25', milestone = '0', priority = '0' WHERE id = '38'
2012-10-02 11:32:05 - GTK: DELETE FROM #__pf_task_users WHERE task_id = '38'
2012-10-02 11:32:07 - GTK: INSERT INTO #__pf_files VALUES(NULL, 'Tabella variazioneCxxx.xlsx', '4317ab3d45a773a5a7f812d3708fa9a6916506ab4978b926_', 'cxxx', '42', '6', 0, '0', '1349170327', '1349170327')
2012-10-02 11:32:07 - GTK: INSERT INTO #__pf_task_attachments VALUES(NULL,'38','54','file')
2012-10-02 11:32:54 - GTK: INSERT INTO #__pf_files VALUES(NULL, 'Tabella variazioneCyyy.xlsx', '3579318d2ae4e58e462fdb4f15172594713506ab4c63dbc5_', 'Cyyy', '42', '6', 0, '0', '1349170374', '1349170374')
2012-10-02 11:32:54 - GTK: INSERT INTO #__pf_task_attachments VALUES(NULL,'39','55','file')
2012-10-02 11:33:28 - GTK: UPDATE #__pf_tasks SET title = 'Variazione Tensione a6', pod = 'IT001E00040249', content = 'a6', mdate = '1349170408', edate = '0' , progress = '50', milestone = '0', priority = '0' WHERE id = '39'
2012-10-02 11:33:28 - GTK: DELETE FROM #__pf_task_users WHERE task_id = '39'
2012-10-02 11:37:12 - GTK: UPDATE #__pf_tasks SET title = 'Variazione Tensione a6', pod = 'IT001E00040249', content = 'a6', mdate = '1349170632', edate = '0' , progress = '75', milestone = '0', priority = '0' WHERE id = '39'
2012-10-02 11:37:12 - GTK: DELETE FROM #__pf_task_users WHERE task_id = '39'
2012-10-02 11:39:17 - GTK: UPDATE #__pf_tasks SET title = 'Variazione Tensione a6', pod = 'IT001E00040249', content = 'a6', mdate = '1349170757', edate = '0' , progress = '75', milestone = '0', priority = '0' WHERE id = '39'
2012-10-02 11:39:17 - GTK: DELETE FROM #__pf_task_users WHERE task_id = '39'
2012-10-02 11:51:01 - GTK: UPDATE #__pf_tasks SET title = 'Variazione Tensione a6', pod = 'IT001E00040249', content = 'a6bis', mdate = '1349171461', edate = '0' , progress = '75', milestone = '0', priority = '0' WHERE id = '39'
2012-10-02 11:51:01 - GTK: DELETE FROM #__pf_task_users WHERE task_id = '39'
2012-10-02 11:56:31 - GTK: Array
2012-10-02 11:56:31 - GTK: 
2012-10-02 11:56:31 - GTK: UPDATE #__pf_tasks SET title = 'Variazione Tensione a6', pod = 'IT001E00040249', content = 'a7asd', mdate = '1349171791', edate = '0' , progress = '75', milestone = '0', priority = '0' WHERE id = '39'
2012-10-02 11:56:31 - GTK: DELETE FROM #__pf_task_users WHERE task_id = '39'
2012-10-02 11:58:36 - GTK: pippo
2012-10-02 11:58:36 - GTK: UPDATE #__pf_tasks SET title = 'Variazione Tensione a6', pod = 'IT001E00040249', content = 'a7abf', mdate = '1349171916', edate = '0' , progress = '75', milestone = '0', priority = '0' WHERE id = '39'
2012-10-02 11:58:36 - GTK: DELETE FROM #__pf_task_users WHERE task_id = '39'
2012-10-02 12:04:13 - GTK: pippo
2012-10-02 12:04:13 - GTK: UPDATE #__pf_tasks SET title = 'Variazione Tensione a6', pod = 'IT001E00040249', content = 'a7abee', mdate = '1349172253', edate = '0' , progress = '75', milestone = '0', priority = '0' WHERE id = '39'
2012-10-02 12:04:13 - GTK: DELETE FROM #__pf_task_users WHERE task_id = '39'
2012-10-02 12:05:49 - GTK: pippo
2012-10-02 12:05:49 - GTK: UPDATE #__pf_tasks SET title = 'Variazione Tensione a6', pod = 'IT001E00040249', content = 'a7abeey', mdate = '1349172349', edate = '0' , progress = '75', milestone = '0', priority = '0' WHERE id = '39'
2012-10-02 12:05:49 - GTK: DELETE FROM #__pf_task_users WHERE task_id = '39'
2012-10-02 12:07:51 - GTK: pippo
2012-10-02 12:07:51 - GTK: UPDATE #__pf_tasks SET title = 'Variazione Tensione a6', pod = 'IT001E00040249', content = 'a7abeety', mdate = '1349172471', edate = '0' , progress = '75', milestone = '0', priority = '0' WHERE id = '39'
2012-10-02 12:07:51 - GTK: DELETE FROM #__pf_task_users WHERE task_id = '39'
2012-10-02 12:11:34 - GTK: 
2012-10-02 12:11:34 - GTK: UPDATE #__pf_tasks SET title = 'Variazione Tensione a6', pod = 'IT001E00040249', content = 'a7abeetyfe', mdate = '1349172694', edate = '0' , progress = '75', milestone = '0', priority = '0' WHERE id = '39'
2012-10-02 12:11:34 - GTK: DELETE FROM #__pf_task_users WHERE task_id = '39'
2012-10-02 12:18:20 - GTK: 
2012-10-02 12:18:20 - GTK: UPDATE #__pf_tasks SET title = 'Variazione Tensione a6', pod = 'IT001E00040249', content = 'a7aueee', mdate = '1349173100', edate = '0' , progress = '75', milestone = '0', priority = '0' WHERE id = '39'
2012-10-02 12:18:20 - GTK: DELETE FROM #__pf_task_users WHERE task_id = '39'
2012-10-02 12:18:58 - GTK: 
2012-10-02 12:18:58 - GTK: UPDATE #__pf_tasks SET title = 'Variazione Tensione a6', pod = 'IT001E00040249', content = 'a7aueeedw', mdate = '1349173138', edate = '0' , progress = '75', milestone = '0', priority = '0' WHERE id = '39'
2012-10-02 12:18:58 - GTK: DELETE FROM #__pf_task_users WHERE task_id = '39'
2012-10-02 12:18:58 - GTK: INSERT INTO #__pf_files VALUES(NULL, 'Tabella variazioneCzzz.xlsx', '66f663fd3c0205672dcb7580a041afcd284506abf9266020_', 'Czzz', '42', '6', 0, '0', '1349173138', '1349173138')
2012-10-02 12:18:58 - GTK: INSERT INTO #__pf_task_attachments VALUES(NULL,'39','56','file')
2012-10-02 12:21:47 - GTK: 
2012-10-02 12:21:47 - GTK: UPDATE #__pf_tasks SET title = 'Variazione Tensione a6', pod = 'IT001E00040249', content = 'a7aaa', mdate = '1349173307', edate = '0' , progress = '75', milestone = '0', priority = '0' WHERE id = '39'
2012-10-02 12:21:47 - GTK: DELETE FROM #__pf_task_users WHERE task_id = '39'
2012-10-02 12:24:13 - GTK: 
2012-10-02 12:24:13 - GTK: UPDATE #__pf_tasks SET title = 'Variazione Tensione a6', pod = 'IT001E00040249', content = 'a7bbb', mdate = '1349173453', edate = '0' , progress = '75', milestone = '0', priority = '0' WHERE id = '39'
2012-10-02 12:24:13 - GTK: DELETE FROM #__pf_task_users WHERE task_id = '39'
2012-10-02 12:24:42 - GTK: 
2012-10-02 12:24:42 - GTK: UPDATE #__pf_tasks SET title = 'Variazione Tensione a6', pod = 'IT001E00040249', content = 'a7bccc', mdate = '1349173482', edate = '0' , progress = '75', milestone = '0', priority = '0' WHERE id = '39'
2012-10-02 12:24:42 - GTK: DELETE FROM #__pf_task_users WHERE task_id = '39'
2012-10-02 12:24:43 - GTK: INSERT INTO #__pf_files VALUES(NULL, 'Tabella variazioneCzzz.xlsx', '66f663fd3c0205672dcb7580a041afcd370506ac0eb182e6_', 'ca', '42', '6', 0, '0', '1349173483', '1349173483')
2012-10-02 12:24:43 - GTK: INSERT INTO #__pf_task_attachments VALUES(NULL,'39','57','file')
2012-10-02 12:28:09 - GTK: 
2012-10-02 12:28:09 - GTK: UPDATE #__pf_tasks SET title = 'Variazione Tensione a6', pod = 'IT001E00040249', content = 'a7fe2', mdate = '1349173689', edate = '0' , progress = '75', milestone = '0', priority = '0' WHERE id = '39'
2012-10-02 12:28:09 - GTK: DELETE FROM #__pf_task_users WHERE task_id = '39'
2012-10-02 12:28:50 - GTK: 
2012-10-02 12:28:50 - GTK: UPDATE #__pf_tasks SET title = 'Variazione Tensione a6', pod = 'IT001E00040249', content = 'a7fe2f3', mdate = '1349173730', edate = '0' , progress = '75', milestone = '0', priority = '0' WHERE id = '39'
2012-10-02 12:28:50 - GTK: DELETE FROM #__pf_task_users WHERE task_id = '39'
2012-10-02 12:29:07 - GTK: 
2012-10-02 12:29:07 - GTK: UPDATE #__pf_tasks SET title = 'Variazione Tensione a6', pod = 'IT001E00040249', content = 'a7fe2f3', mdate = '1349173747', edate = '0' , progress = '75', milestone = '0', priority = '0' WHERE id = '39'
2012-10-02 12:29:07 - GTK: DELETE FROM #__pf_task_users WHERE task_id = '39'
2012-10-02 12:29:07 - GTK: INSERT INTO #__pf_files VALUES(NULL, 'Tabella variazioneCzzz.xlsx', '66f663fd3c0205672dcb7580a041afcd278506ac1f3db20c_', 'f', '42', '6', 0, '0', '1349173747', '1349173747')
2012-10-02 12:29:07 - GTK: INSERT INTO #__pf_task_attachments VALUES(NULL,'39','58','file')
2012-10-02 12:30:02 - GTK: Array
2012-10-02 12:30:02 - GTK: UPDATE #__pf_tasks SET title = 'Variazione Tensione a6', pod = 'IT001E00040249', content = 'a7fe2fe', mdate = '1349173802', edate = '0' , progress = '75', milestone = '0', priority = '0' WHERE id = '39'
2012-10-02 12:30:02 - GTK: DELETE FROM #__pf_task_users WHERE task_id = '39'
2012-10-02 12:30:37 - GTK: Array
2012-10-02 12:30:37 - GTK: UPDATE #__pf_tasks SET title = 'Variazione Tensione a6', pod = 'IT001E00040249', content = 'a7fd3', mdate = '1349173837', edate = '0' , progress = '75', milestone = '0', priority = '0' WHERE id = '39'
2012-10-02 12:30:37 - GTK: DELETE FROM #__pf_task_users WHERE task_id = '39'
2012-10-02 12:30:57 - GTK: Array
2012-10-02 12:30:57 - GTK: UPDATE #__pf_tasks SET title = 'Variazione Tensione a6', pod = 'IT001E00040249', content = 'a12e2', mdate = '1349173857', edate = '0' , progress = '75', milestone = '0', priority = '0' WHERE id = '39'
2012-10-02 12:30:57 - GTK: DELETE FROM #__pf_task_users WHERE task_id = '39'
2012-10-02 12:30:57 - GTK: INSERT INTO #__pf_files VALUES(NULL, 'Tabella variazioneCzzz.xlsx', '66f663fd3c0205672dcb7580a041afcd249506ac26164feb_', 'fr', '42', '6', 0, '0', '1349173857', '1349173857')
2012-10-02 12:30:57 - GTK: INSERT INTO #__pf_task_attachments VALUES(NULL,'39','59','file')
2012-10-02 12:32:11 - GTK: Array
2012-10-02 12:32:11 - GTK: UPDATE #__pf_tasks SET title = 'Variazione Tensione a6', pod = 'IT001E00040249', content = 'a12e2', mdate = '1349173931', edate = '0' , progress = '75', milestone = '0', priority = '0' WHERE id = '39'
2012-10-02 12:32:11 - GTK: DELETE FROM #__pf_task_users WHERE task_id = '39'
2012-10-02 12:32:12 - GTK: INSERT INTO #__pf_files VALUES(NULL, 'Tabella variazioneCzzz.xlsx', '66f663fd3c0205672dcb7580a041afcd990506ac2ac37bc1_', 'd', '42', '6', 0, '0', '1349173932', '1349173932')
2012-10-02 12:32:12 - GTK: INSERT INTO #__pf_task_attachments VALUES(NULL,'39','60','file')
2012-10-02 12:32:36 - GTK: Array
2012-10-02 12:32:36 - GTK: UPDATE #__pf_tasks SET title = 'Variazione Tensione a6', pod = 'IT001E00040249', content = 'a1f', mdate = '1349173956', edate = '0' , progress = '75', milestone = '0', priority = '0' WHERE id = '39'
2012-10-02 12:32:36 - GTK: DELETE FROM #__pf_task_users WHERE task_id = '39'
2012-10-02 12:33:23 - GTK: Array
2012-10-02 12:33:23 - GTK: UPDATE #__pf_tasks SET title = 'Variazione Tensione a6', pod = 'IT001E00040249', content = 'ay', mdate = '1349174003', edate = '0' , progress = '75', milestone = '0', priority = '0' WHERE id = '39'
2012-10-02 12:33:23 - GTK: DELETE FROM #__pf_task_users WHERE task_id = '39'
2012-10-02 12:33:41 - GTK: Array
2012-10-02 12:33:41 - GTK: UPDATE #__pf_tasks SET title = 'Variazione Tensione a6', pod = 'IT001E00040249', content = 'ay', mdate = '1349174021', edate = '0' , progress = '75', milestone = '0', priority = '0' WHERE id = '39'
2012-10-02 12:33:41 - GTK: DELETE FROM #__pf_task_users WHERE task_id = '39'
2012-10-02 12:33:41 - GTK: INSERT INTO #__pf_files VALUES(NULL, 'Tabella variazioneCzzz.xlsx', '66f663fd3c0205672dcb7580a041afcd458506ac3058739d_', 'fe', '42', '6', 0, '0', '1349174021', '1349174021')
2012-10-02 12:33:41 - GTK: INSERT INTO #__pf_task_attachments VALUES(NULL,'39','61','file')
2012-10-02 12:37:28 - GTK: Array
2012-10-02 12:37:28 - GTK: UPDATE #__pf_tasks SET title = 'Variazione Tensione a6', pod = 'IT001E00040249', content = 'ay', mdate = '1349174248', edate = '0' , progress = '75', milestone = '0', priority = '0' WHERE id = '39'
2012-10-02 12:37:28 - GTK: DELETE FROM #__pf_task_users WHERE task_id = '39'
2012-10-02 12:37:28 - GTK: INSERT INTO #__pf_files VALUES(NULL, 'Tabella variazioneCzzz.xlsx', '66f663fd3c0205672dcb7580a041afcd68506ac3e873b8e_', 'f', '42', '6', 0, '0', '1349174248', '1349174248')
2012-10-02 12:37:28 - GTK: INSERT INTO #__pf_task_attachments VALUES(NULL,'39','62','file')
2012-10-02 12:37:59 - GTK: Array
2012-10-02 12:37:59 - GTK: UPDATE #__pf_tasks SET title = 'Variazione Tensione a6', pod = 'IT001E00040249', content = 'ay', mdate = '1349174279', edate = '0' , progress = '75', milestone = '0', priority = '0' WHERE id = '39'
2012-10-02 12:37:59 - GTK: DELETE FROM #__pf_task_users WHERE task_id = '39'
2012-10-02 12:38:00 - GTK: INSERT INTO #__pf_files VALUES(NULL, 'Tabella variazioneCzzz.xlsx', '66f663fd3c0205672dcb7580a041afcd112506ac4086a8b4_', 'f', '42', '6', 0, '0', '1349174280', '1349174280')
2012-10-02 12:38:00 - GTK: INSERT INTO #__pf_task_attachments VALUES(NULL,'39','63','file')
2012-10-02 12:39:09 - GTK: Array
2012-10-02 12:39:09 - GTK: UPDATE #__pf_tasks SET title = 'Variazione Tensione a6', pod = 'IT001E00040249', content = 's1', mdate = '1349174349', edate = '0' , progress = '75', milestone = '0', priority = '0' WHERE id = '39'
2012-10-02 12:39:09 - GTK: DELETE FROM #__pf_task_users WHERE task_id = '39'
2012-10-02 12:39:24 - GTK: Array
2012-10-02 12:39:24 - GTK: UPDATE #__pf_tasks SET title = 'Variazione Tensione a6', pod = 'IT001E00040249', content = 's1', mdate = '1349174364', edate = '0' , progress = '75', milestone = '0', priority = '0' WHERE id = '39'
2012-10-02 12:39:24 - GTK: DELETE FROM #__pf_task_users WHERE task_id = '39'
2012-10-02 12:39:25 - GTK: INSERT INTO #__pf_files VALUES(NULL, 'Tabella variazioneCzzz.xlsx', '66f663fd3c0205672dcb7580a041afcd18506ac45d31923_', '2', '42', '6', 0, '0', '1349174365', '1349174365')
2012-10-02 12:39:25 - GTK: INSERT INTO #__pf_task_attachments VALUES(NULL,'39','64','file')
2012-10-02 12:43:33 - GTK: Array
2012-10-02 12:43:33 - GTK: UPDATE #__pf_tasks SET title = 'Variazione Tensione a6', pod = 'IT001E00040249', content = 's1', mdate = '1349174613', edate = '0' , progress = '75', milestone = '0', priority = '0' WHERE id = '39'
2012-10-02 12:43:33 - GTK: DELETE FROM #__pf_task_users WHERE task_id = '39'
2012-10-02 12:43:33 - GTK: INSERT INTO #__pf_files VALUES(NULL, 'Tabella variazioneCzzz.xlsx', '66f663fd3c0205672dcb7580a041afcd889506ac555c9983_', '', '42', '6', 0, '0', '1349174613', '1349174613')
2012-10-02 12:43:33 - GTK: INSERT INTO #__pf_task_attachments VALUES(NULL,'39','65','file')
2012-10-02 12:44:31 - GTK: Array
2012-10-02 12:44:31 - GTK: UPDATE #__pf_tasks SET title = 'Variazione Tensione a6', pod = 'IT001E00040249', content = 's1', mdate = '1349174671', edate = '0' , progress = '75', milestone = '0', priority = '0' WHERE id = '39'
2012-10-02 12:44:31 - GTK: DELETE FROM #__pf_task_users WHERE task_id = '39'
2012-10-02 12:44:32 - GTK: INSERT INTO #__pf_files VALUES(NULL, 'Tabella variazioneCzzz.xlsx', '66f663fd3c0205672dcb7580a041afcd635506ac58fedfd9_', '', '42', '6', 0, '0', '1349174671', '1349174671')
2012-10-02 12:44:32 - GTK: INSERT INTO #__pf_task_attachments VALUES(NULL,'39','66','file')
2012-10-02 12:45:03 - GTK: Array
2012-10-02 12:45:03 - GTK: UPDATE #__pf_tasks SET title = 'Variazione Tensione a6', pod = 'IT001E00040249', content = 's1', mdate = '1349174703', edate = '0' , progress = '75', milestone = '0', priority = '0' WHERE id = '39'
2012-10-02 12:45:03 - GTK: DELETE FROM #__pf_task_users WHERE task_id = '39'
2012-10-02 12:45:03 - GTK: INSERT INTO #__pf_files VALUES(NULL, 'Tabella variazioneCzzz.xlsx', '66f663fd3c0205672dcb7580a041afcd107506ac5af803f9_', '', '42', '6', 0, '0', '1349174703', '1349174703')
2012-10-02 12:45:03 - GTK: INSERT INTO #__pf_task_attachments VALUES(NULL,'39','67','file')
2012-10-02 12:45:25 - GTK: Array
2012-10-02 12:45:25 - GTK: UPDATE #__pf_tasks SET title = 'Variazione Tensione a6', pod = 'IT001E00040249', content = 's1', mdate = '1349174725', edate = '0' , progress = '75', milestone = '0', priority = '0' WHERE id = '39'
2012-10-02 12:45:25 - GTK: DELETE FROM #__pf_task_users WHERE task_id = '39'
2012-10-02 12:45:25 - GTK: INSERT INTO #__pf_files VALUES(NULL, 'Tabella variazioneCzzz.xlsx', '66f663fd3c0205672dcb7580a041afcd332506ac5c5de23e_', '', '42', '6', 0, '0', '1349174725', '1349174725')
2012-10-02 12:45:25 - GTK: INSERT INTO #__pf_task_attachments VALUES(NULL,'39','68','file')
2012-10-02 12:45:49 - GTK: Array
2012-10-02 12:45:49 - GTK: UPDATE #__pf_tasks SET title = 'Variazione Tensione a6', pod = 'IT001E00040249', content = 's1', mdate = '1349174749', edate = '0' , progress = '75', milestone = '0', priority = '0' WHERE id = '39'
2012-10-02 12:45:49 - GTK: DELETE FROM #__pf_task_users WHERE task_id = '39'
2012-10-02 12:45:50 - GTK: INSERT INTO #__pf_files VALUES(NULL, 'Tabella variazioneCzzz.xlsx', '66f663fd3c0205672dcb7580a041afcd445506ac5de28a60_', '', '42', '6', 0, '0', '1349174750', '1349174750')
2012-10-02 12:45:50 - GTK: INSERT INTO #__pf_task_attachments VALUES(NULL,'39','69','file')
2012-10-02 12:47:10 - GTK: Array
2012-10-02 12:47:10 - GTK: UPDATE #__pf_tasks SET title = 'Variazione Tensione a6', pod = 'IT001E00040249', content = 's1d', mdate = '1349174830', edate = '0' , progress = '75', milestone = '0', priority = '0' WHERE id = '39'
2012-10-02 12:47:10 - GTK: DELETE FROM #__pf_task_users WHERE task_id = '39'
2012-10-02 12:52:42 - GTK: Array
2012-10-02 12:52:42 - GTK: UPDATE #__pf_tasks SET title = 'Variazione Tensione a6', pod = 'IT001E00040249', content = 's1dj', mdate = '1349175162', edate = '0' , progress = '75', milestone = '0', priority = '0' WHERE id = '39'
2012-10-02 12:52:42 - GTK: DELETE FROM #__pf_task_users WHERE task_id = '39'
2012-10-02 12:52:42 - GTK: INSERT INTO #__pf_files VALUES(NULL, 'Tabella variazioneCzzz.xlsx', '66f663fd3c0205672dcb7580a041afcd919506ac77a80c7d_', 'j', '42', '6', 0, '0', '1349175162', '1349175162')
2012-10-02 12:52:42 - GTK: INSERT INTO #__pf_task_attachments VALUES(NULL,'39','70','file')
2012-10-02 12:55:04 - GTK: Array
2012-10-02 12:55:04 - GTK: UPDATE #__pf_tasks SET title = 'Variazione Tensione a5', pod = 'IT001E00040249', content = 'a5', mdate = '1349175304', edate = '0' , progress = '25', milestone = '0', priority = '0' WHERE id = '38'
2012-10-02 12:55:04 - GTK: DELETE FROM #__pf_task_users WHERE task_id = '38'
2012-10-02 12:55:05 - GTK: INSERT INTO #__pf_files VALUES(NULL, 'Tabella variazioneCzzz.xlsx', '66f663fd3c0205672dcb7580a041afcd202506ac809163bc_', '', '42', '6', 0, '0', '1349175305', '1349175305')
2012-10-02 12:55:05 - GTK: INSERT INTO #__pf_task_attachments VALUES(NULL,'38','71','file')
2012-10-02 12:55:20 - GTK: Array
2012-10-02 12:55:20 - GTK: UPDATE #__pf_tasks SET title = 'Variazione Tensione a6', pod = 'IT001E00040249', content = 's1dju', mdate = '1349175320', edate = '0' , progress = '75', milestone = '0', priority = '0' WHERE id = '39'
2012-10-02 12:55:20 - GTK: DELETE FROM #__pf_task_users WHERE task_id = '39'
2012-10-02 12:55:44 - GTK: Array
2012-10-02 12:55:44 - GTK: UPDATE #__pf_tasks SET title = 'Variazione Tensione a6', pod = 'IT001E00040249', content = 's1dju', mdate = '1349175344', edate = '0' , progress = '75', milestone = '0', priority = '0' WHERE id = '39'
2012-10-02 12:55:44 - GTK: DELETE FROM #__pf_task_users WHERE task_id = '39'
2012-10-02 12:55:56 - GTK: Array
2012-10-02 12:55:56 - GTK: UPDATE #__pf_tasks SET title = 'Variazione Tensione a5', pod = 'IT001E00040249', content = 'a5', mdate = '1349175356', edate = '0' , progress = '25', milestone = '0', priority = '0' WHERE id = '38'
2012-10-02 12:55:56 - GTK: DELETE FROM #__pf_task_users WHERE task_id = '38'
2012-10-02 12:55:56 - GTK: INSERT INTO #__pf_files VALUES(NULL, 'Tabella variazioneCzzz.xlsx', '66f663fd3c0205672dcb7580a041afcd79506ac83cc7444_', '', '42', '6', 0, '0', '1349175356', '1349175356')
2012-10-02 12:55:56 - GTK: INSERT INTO #__pf_task_attachments VALUES(NULL,'38','72','file')
2012-10-02 12:57:59 - GTK: UPDATE #__pf_tasks SET title = 'Variazione Tensione a6', pod = 'IT001E00040249', content = 's1fe', mdate = '1349175479', edate = '0' , progress = '75', milestone = '0', priority = '0' WHERE id = '39'
2012-10-02 12:57:59 - GTK: DELETE FROM #__pf_task_users WHERE task_id = '39'
2012-10-02 12:58:25 - GTK: UPDATE #__pf_tasks SET title = 'Variazione Tensione a6', pod = 'IT001E00040249', content = 's1fe', mdate = '1349175505', edate = '0' , progress = '75', milestone = '0', priority = '0' WHERE id = '39'
2012-10-02 12:58:25 - GTK: DELETE FROM #__pf_task_users WHERE task_id = '39'
2012-10-02 12:58:26 - GTK: INSERT INTO #__pf_files VALUES(NULL, 'Tabella variazioneCzzz.xlsx', '66f663fd3c0205672dcb7580a041afcd728506ac8d21854a_', 'czz', '42', '6', 0, '0', '1349175506', '1349175506')
2012-10-02 12:58:26 - GTK: INSERT INTO #__pf_task_attachments VALUES(NULL,'39','73','file')
2012-10-02 13:01:35 - GTK: INSERT INTO #__pf_files VALUES(NULL, 'Tabella variazioneCzzz.xlsx', '66f663fd3c0205672dcb7580a041afcd907506ac98f5aeb4_', '', '42', '6', 0, '0', '1349175695', '1349175695')
2012-10-02 13:01:35 - GTK: INSERT INTO #__pf_task_attachments VALUES(NULL,'41','74','file')
2012-10-18 14:54:07 - GTK: UPDATE #__pf_tasks SET title = 'Spostamento di prova', pod = 'IT001E00040265', content = '', mdate = '1350564847', edate = '0' , progress = '25', milestone = '0', priority = '4' WHERE id = '44'
2012-10-18 14:54:07 - GTK: DELETE FROM #__pf_task_users WHERE task_id = '44'
2012-10-29 16:45:45 - GTK: UPDATE #__pf_tasks SET title = 'Variazione a10', pod = 'IT001E00040244', content = 'afeee', mdate = '1351525545', edate = '0' , progress = '50', milestone = '0', priority = '2' WHERE id = '45'
2012-10-29 16:45:46 - GTK: DELETE FROM #__pf_task_users WHERE task_id = '45'
2012-10-29 16:52:16 - GTK: UPDATE #__pf_tasks SET title = 'Variazione a10', pod = 'IT001E00040244', content = 'afeeefefef', mdate = '1351525936', edate = '0' , progress = '75', milestone = '0', priority = '2' WHERE id = '45'
2012-10-29 16:52:16 - GTK: DELETE FROM #__pf_task_users WHERE task_id = '45'
2012-10-29 17:01:31 - GTK: UPDATE #__pf_tasks SET title = 'Variazione a10', pod = 'IT001E00040244', content = 'afeeefefefff', mdate = '1351526491', edate = '0' , progress = '50', milestone = '0', priority = '2' WHERE id = '45'
2012-10-29 17:01:31 - GTK: DELETE FROM #__pf_task_users WHERE task_id = '45'
2012-10-29 17:05:50 - GTK: UPDATE #__pf_tasks SET title = 'Variazione Tensione a10', pod = '', content = 'addewee', mdate = '1351526750', edate = '0' , progress = '50', milestone = '0', priority = '0' WHERE id = '43'
2012-10-29 17:05:50 - GTK: DELETE FROM #__pf_task_users WHERE task_id = '43'
2012-10-29 17:08:48 - GTK: UPDATE #__pf_tasks SET title = 'Variazione Tensione a10', pod = '', content = 'addeweehj', mdate = '1351526928', edate = '0' , progress = '75', milestone = '0', priority = '0' WHERE id = '43'
2012-10-29 17:08:48 - GTK: DELETE FROM #__pf_task_users WHERE task_id = '43'
2012-10-29 17:11:25 - GTK: UPDATE #__pf_tasks SET title = 'Variazione Tensione a10', pod = '', content = 'addeweehjkik', mdate = '1351527085', edate = '0' , progress = '50', milestone = '0', priority = '0' WHERE id = '43'
2012-10-29 17:11:25 - GTK: DELETE FROM #__pf_task_users WHERE task_id = '43'
2012-10-29 17:12:58 - GTK: UPDATE #__pf_tasks SET title = 'Variazione Tensione a10', pod = '', content = 'addeweehjkikk', mdate = '1351527178', edate = '0' , progress = '75', milestone = '0', priority = '0' WHERE id = '43'
2012-10-29 17:12:58 - GTK: DELETE FROM #__pf_task_users WHERE task_id = '43'
2012-10-30 10:26:36 - GTK: UPDATE #__pf_tasks SET title = 'Variazione Tensione a6', pod = 'IT001E00040249', content = 's1fe', mdate = '1351589196', edate = '0' , progress = '50', milestone = '0', priority = '0' WHERE id = '39'
2012-10-30 10:26:36 - GTK: DELETE FROM #__pf_task_users WHERE task_id = '39'
2012-10-30 10:36:58 - GTK: UPDATE #__pf_tasks SET title = 'Variazione Tensione a5', pod = 'IT001E00040249', content = 'a5', mdate = '1351589818', edate = '0' , progress = '75', milestone = '0', priority = '0' WHERE id = '38'
2012-10-30 10:36:58 - GTK: DELETE FROM #__pf_task_users WHERE task_id = '38'
2012-10-30 10:38:05 - GTK: UPDATE #__pf_tasks SET title = 'Variazione Tensione a5', pod = 'IT001E00040249', content = 'a5', mdate = '1351589885', edate = '0' , progress = '50', milestone = '0', priority = '0' WHERE id = '38'
2012-10-30 10:38:05 - GTK: DELETE FROM #__pf_task_users WHERE task_id = '38'
2012-10-30 10:46:48 - GTK: UPDATE #__pf_tasks SET title = 'Variazione Tensione a5', pod = 'IT001E00040249', content = 'a5frfr', mdate = '1351590408', edate = '0' , progress = '50', milestone = '0', priority = '0' WHERE id = '38'
2012-10-30 10:46:48 - GTK: DELETE FROM #__pf_task_users WHERE task_id = '38'
2012-10-30 10:48:32 - GTK: UPDATE #__pf_tasks SET title = 'Variazione Tensione a5', pod = 'IT001E00040249', content = 'a5frfrfgbgb', mdate = '1351590512', edate = '0' , progress = '50', milestone = '0', priority = '0' WHERE id = '38'
2012-10-30 10:48:32 - GTK: DELETE FROM #__pf_task_users WHERE task_id = '38'
2012-10-30 10:48:37 - GTK: UPDATE #__pf_tasks SET title = 'Variazione Tensione a5', pod = 'IT001E00040249', content = 'a5frfrfgbgb', mdate = '1351590517', edate = '0' , progress = '50', milestone = '0', priority = '0' WHERE id = '38'
2012-10-30 10:48:37 - GTK: DELETE FROM #__pf_task_users WHERE task_id = '38'
2012-10-30 10:49:08 - GTK: UPDATE #__pf_tasks SET title = 'Variazione Tensione a5', pod = 'IT001E00040249', content = 'a5frfrfgbgbjjj', mdate = '1351590548', edate = '0' , progress = '50', milestone = '0', priority = '0' WHERE id = '38'
2012-10-30 10:49:08 - GTK: DELETE FROM #__pf_task_users WHERE task_id = '38'
2012-10-30 11:09:29 - GTK: UPDATE #__pf_tasks SET title = 'Variazione Tensione a5', pod = 'IT001E00040249', content = 'a5frfrfgbgbjjjeee', mdate = '1351591769', edate = '0' , progress = '50', milestone = '0', priority = '0' WHERE id = '38'
2012-10-30 11:09:29 - GTK: DELETE FROM #__pf_task_users WHERE task_id = '38'
2012-10-30 11:10:18 - GTK: UPDATE #__pf_tasks SET title = 'Variazione Tensione a5', pod = 'IT001E00040249', content = 'a5frfrfgbgbjjjeeef', mdate = '1351591818', edate = '0' , progress = '50', milestone = '0', priority = '0' WHERE id = '38'
2012-10-30 11:10:18 - GTK: DELETE FROM #__pf_task_users WHERE task_id = '38'
2012-10-30 11:17:42 - GTK: UPDATE #__pf_tasks SET title = 'Variazione Tensione a5', pod = 'IT001E00040249', content = 'a5frfrfgbgbjjjeeefhh', mdate = '1351592262', edate = '0' , progress = '50', milestone = '0', priority = '0' WHERE id = '38'
2012-10-30 11:17:42 - GTK: DELETE FROM #__pf_task_users WHERE task_id = '38'
2012-10-30 11:18:56 - GTK: UPDATE #__pf_tasks SET title = 'Variazione Tensione a5', pod = 'IT001E00040249', content = 'a5frfrfgbgbjjjeeefhhrrr', mdate = '1351592336', edate = '0' , progress = '50', milestone = '0', priority = '0' WHERE id = '38'
2012-10-30 11:18:56 - GTK: DELETE FROM #__pf_task_users WHERE task_id = '38'
2012-10-30 11:23:17 - GTK: UPDATE #__pf_tasks SET title = 'Variazione Tensione a5', pod = 'IT001E00040249', content = 'a5frfrfgbgbjjjeeefhhrrree', mdate = '1351592597', edate = '0' , progress = '50', milestone = '0', priority = '0' WHERE id = '38'
2012-10-30 11:23:17 - GTK: DELETE FROM #__pf_task_users WHERE task_id = '38'
2012-10-30 11:25:17 - GTK: UPDATE #__pf_tasks SET title = 'Variazione Tensione a5', pod = 'IT001E00040249', content = 'a5frfrfgbgbjjjeeefhhrrree32', mdate = '1351592717', edate = '0' , progress = '50', milestone = '0', priority = '0' WHERE id = '38'
2012-10-30 11:25:17 - GTK: DELETE FROM #__pf_task_users WHERE task_id = '38'
2012-10-30 11:25:58 - GTK: UPDATE #__pf_tasks SET title = 'Variazione Tensione a5', pod = 'IT001E00040249', content = 'a5frfrfgbgbjjjeeefhhrrree32rrr', mdate = '1351592758', edate = '0' , progress = '50', milestone = '0', priority = '0' WHERE id = '38'
2012-10-30 11:25:58 - GTK: DELETE FROM #__pf_task_users WHERE task_id = '38'
2012-11-02 17:42:17 - GTK: UPDATE #__pf_tasks SET title = 'Variazione Tensione a5', pod = 'IT001E00040249', content = 'a5frfrfgbgbjjjeeefhhrrree32rrrtest', mdate = '1351874537', edate = '0' , progress = '50', milestone = '0', priority = '0' WHERE id = '38'
2012-11-02 17:42:17 - GTK: DELETE FROM #__pf_task_users WHERE task_id = '38'
2012-11-02 17:47:33 - GTK: UPDATE #__pf_tasks SET title = 'Variazione Tensione a5', pod = 'IT001E00040249', content = 'a5frfrfgbgbjjjeeefhhrrree32rrrtestkkk', mdate = '1351874853', edate = '0' , progress = '50', milestone = '0', priority = '0' WHERE id = '38'
2012-11-02 17:47:33 - GTK: DELETE FROM #__pf_task_users WHERE task_id = '38'
2012-11-02 18:01:28 - GTK: UPDATE #__pf_tasks SET title = 'Variazione Tensione a5', pod = 'IT001E00040249', content = 'a5frfrfgbgbjjjeeefhhrrree32rrrtestkkkg4g4', mdate = '1351875688', edate = '0' , progress = '50', milestone = '0', priority = '0' WHERE id = '38'
2012-11-02 18:01:28 - GTK: DELETE FROM #__pf_task_users WHERE task_id = '38'
2012-11-02 18:08:43 - GTK: INSERT INTO #__pf_files VALUES(NULL, 'Readme.txt', '7291bb344ee5c3d22dc69a1dddfb31438975093fe1b9d4b5_', 'rere', '42', '6', 0, '0.162109375', '1351876123', '1351876123')
2012-11-02 18:08:43 - GTK: INSERT INTO #__pf_task_attachments VALUES(NULL,'47','75','file')
2012-11-14 11:41:43 - GTK: INSERT INTO #__pf_files VALUES(NULL, 'TestFile.xls', 'adde373fd81a32c1e920d2873e53ab4f52750a3756757ae8_', 'test', '42', '6', 0, '6', '1352889703', '1352889703')
2012-11-14 11:41:43 - GTK: INSERT INTO #__pf_task_attachments VALUES(NULL,'48','76','file')
2012-12-05 18:05:25 - GTK: DELETE FROM #__pf_tasks WHERE id IN(49,50,51,52,53)
2012-12-05 18:05:25 - GTK: DELETE FROM #__pf_task_users WHERE task_id IN(49,50,51,52,53)
2012-12-05 18:05:25 - GTK: DELETE FROM #__pf_task_attachments WHERE task_id IN(49,50,51,52,53)
2013-01-28 17:38:59 - GTK: UPDATE #__pf_tasks SET title = 'test 2x6', pod = '333', content = '', mdate = '1359391139', edate = '0' , progress = '0', milestone = '0', priority = '0' WHERE id = '69'
2013-01-28 17:38:59 - GTK: DELETE FROM #__pf_task_users WHERE task_id = '69'
2013-02-01 11:28:21 - GTK: UPDATE #__pf_tasks SET title = 'Variazione Potenza', fdate = '1359714501', pod = 'IT001E00040278', content = 'C2', mdate = '1359714501', edate = '1348838100' , progress = '100', milestone = '0', priority = '4' WHERE id = '27'
2013-02-01 11:28:21 - GTK: DELETE FROM #__pf_task_users WHERE task_id = '27'
2013-02-12 15:36:48 - GTK: UPDATE #__pf_tasks SET title = 'test 4x4', pod = '', content = 'qweqwewqe', mdate = '1360679808', edate = '0' , progress = '25', milestone = '0', priority = '0' WHERE id = '79'
2013-02-12 15:36:48 - GTK: DELETE FROM #__pf_task_users WHERE task_id = '79'
2013-02-12 15:38:08 - GTK: UPDATE #__pf_tasks SET title = 'test 4x4', pod = '', content = 'qweqwewqe', mdate = '1360679888', edate = '0' , progress = '25', milestone = '0', priority = '0' WHERE id = '79'
2013-02-12 15:38:08 - GTK: DELETE FROM #__pf_task_users WHERE task_id = '79'
2013-02-12 15:47:53 - GTK: UPDATE #__pf_tasks SET title = 'test 2x8', pod = '', content = '', mdate = '1360680473', edate = '0' , progress = '0', milestone = '0', , campo1 = '', campo2 = '', campo3 = '', campo4 = '', priority = '0' WHERE id = '72'
2013-02-12 15:49:32 - GTK: UPDATE #__pf_tasks SET title = 'test 2x8', pod = 'IT001E00040249', content = '', mdate = '1360680572', edate = '0' , progress = '0', milestone = '0', , campo1 = '123', campo2 = '456', campo3 = '789', campo4 = '', priority = '0' WHERE id = '71'
2013-02-12 15:50:31 - GTK: UPDATE #__pf_tasks SET title = 'test 2x8', pod = '', content = '', mdate = '1360680631', edate = '0' , progress = '0', milestone = '0' , campo1 = '123', campo2 = '456', campo3 = '789', campo4 = '', priority = '0' WHERE id = '72'
2013-02-12 15:50:31 - GTK: DELETE FROM #__pf_task_users WHERE task_id = '72'
2013-02-12 15:50:55 - GTK: UPDATE #__pf_tasks SET title = 'test 3x01', pod = 'IT001E80417890', content = '', mdate = '1360680655', edate = '0' , progress = '0', milestone = '0' , campo1 = '123', campo2 = '456', campo3 = '', campo4 = '', priority = '1' WHERE id = '75'
2013-02-12 15:50:55 - GTK: DELETE FROM #__pf_task_users WHERE task_id = '75'
2013-02-13 13:41:26 - GTK: UPDATE #__pf_tasks SET title = 'test 5x2', pod = '123', content = '', mdate = '1360759286', edate = '0' , progress = '0', milestone = '0' , campo1 = 'si', campo2 = '', campo3 = '', campo4 = '', priority = '0' WHERE id = '81'
2013-02-13 13:41:27 - GTK: DELETE FROM #__pf_task_users WHERE task_id = '81'
2013-02-13 13:43:18 - GTK: UPDATE #__pf_tasks SET title = 'test 5x2', pod = '123', content = '', mdate = '1360759398', edate = '0' , progress = '0', milestone = '0' , campo1 = 'Si', campo2 = '', campo3 = '', campo4 = '', priority = '0' WHERE id = '81'
2013-02-13 13:43:18 - GTK: DELETE FROM #__pf_task_users WHERE task_id = '81'
2013-02-13 14:43:23 - GTK: UPDATE #__pf_tasks SET title = 'test 5x2', pod = '123', content = '', mdate = '1360763002', edate = '1361540700' , progress = '0', milestone = '0' , campo1 = '', campo2 = '', campo3 = '', campo4 = '', priority = '0' WHERE id = '81'
2013-02-13 14:43:23 - GTK: DELETE FROM #__pf_task_users WHERE task_id = '81'
2013-02-13 14:50:14 - GTK: UPDATE #__pf_tasks SET title = 'test 5x1', pod = 'IT001E80418837a', content = '', mdate = '1360763414', edate = '0' , progress = '0', milestone = '0' , campo1 = 'Si', campo2 = '', campo3 = '', campo4 = '', priority = '0' WHERE id = '80'
2013-02-13 14:50:14 - GTK: DELETE FROM #__pf_task_users WHERE task_id = '80'
2013-02-13 15:26:21 - GTK: UPDATE #__pf_tasks SET title = 'test 5x3', pod = 'IT001E80418837', content = '', mdate = '1360765581', edate = '0' , progress = '0', milestone = '0' , campo1 = '1', campo2 = '', campo3 = '', campo4 = '', priority = '0' WHERE id = '82'
2013-02-13 15:26:21 - GTK: DELETE FROM #__pf_task_users WHERE task_id = '82'
2013-02-13 15:30:49 - GTK: UPDATE #__pf_tasks SET title = 'test 5x3', pod = 'IT001E80418837', content = '', mdate = '1360765849', edate = '0' , progress = '0', milestone = '0' , campo1 = '3', campo2 = '', campo3 = '', campo4 = '', priority = '0' WHERE id = '82'
2013-02-13 15:30:49 - GTK: DELETE FROM #__pf_task_users WHERE task_id = '82'
2013-02-13 15:32:10 - GTK: UPDATE #__pf_tasks SET title = 'test 5x3', pod = 'IT001E80418837', content = '', mdate = '1360765930', edate = '0' , progress = '0', milestone = '0' , campo1 = '2', campo2 = '', campo3 = '', campo4 = '', priority = '0' WHERE id = '82'
2013-02-13 15:32:10 - GTK: DELETE FROM #__pf_task_users WHERE task_id = '82'
2013-02-13 15:32:46 - GTK: UPDATE #__pf_tasks SET title = 'test 5x3', pod = 'IT001E80418837', content = '', mdate = '1360765966', edate = '0' , progress = '0', milestone = '0' , campo1 = '3', campo2 = '', campo3 = '', campo4 = '', priority = '0' WHERE id = '82'
2013-02-13 15:32:46 - GTK: DELETE FROM #__pf_task_users WHERE task_id = '82'
2013-02-13 15:35:43 - GTK: UPDATE #__pf_tasks SET title = 'test 5x3', pod = 'IT001E80418837', content = '', mdate = '1360766143', edate = '0' , progress = '0', milestone = '0' , campo1 = 'Altri Usi', campo2 = '', campo3 = '', campo4 = '', priority = '0' WHERE id = '82'
2013-02-13 15:35:43 - GTK: DELETE FROM #__pf_task_users WHERE task_id = '82'
2013-02-13 15:36:04 - GTK: UPDATE #__pf_tasks SET title = 'test 5x3', pod = 'IT001E80418837', content = '', mdate = '1360766164', edate = '0' , progress = '0', milestone = '0' , campo1 = 'Domestico', campo2 = '', campo3 = '', campo4 = '', priority = '0' WHERE id = '82'
2013-02-13 15:36:04 - GTK: DELETE FROM #__pf_task_users WHERE task_id = '82'
2013-02-15 17:30:34 - GTK: UPDATE #__pf_tasks SET title = 'test 5x47', pod = '', content = '', mdate = '1360945834', edate = '0' , progress = '0', milestone = '0' , campo1 = '', campo2 = '', campo3 = 'Si', campo4 = '', priority = '0' WHERE id = '116'
2013-02-15 17:30:34 - GTK: DELETE FROM #__pf_task_users WHERE task_id = '116'
2013-02-15 17:30:40 - GTK: UPDATE #__pf_tasks SET title = 'test 5x44', pod = '', content = '', mdate = '1360945840', edate = '0' , progress = '0', milestone = '0' , campo1 = '', campo2 = '2013-02-27', campo3 = '2013-02-28', campo4 = '', priority = '0' WHERE id = '113'
2013-02-15 17:30:40 - GTK: DELETE FROM #__pf_task_users WHERE task_id = '113'
2013-02-15 17:32:45 - GTK: UPDATE #__pf_tasks SET title = 'test 5x41', pod = 'IT001E80418682', content = '', mdate = '1360945965', edate = '0' , progress = '0', milestone = '0' , campo1 = 'Definitiva', campo2 = '', campo3 = 'Si', campo4 = '', priority = '0' WHERE id = '110'
2013-02-15 17:32:45 - GTK: DELETE FROM #__pf_task_users WHERE task_id = '110'
2013-02-15 17:32:53 - GTK: UPDATE #__pf_tasks SET title = 'test 5x42', pod = 'IT001E80418751', content = '', mdate = '1360945973', edate = '0' , progress = '0', milestone = '0' , campo1 = 'Temporanea', campo2 = '2013-02-27', campo3 = '2013-02-28', campo4 = '', priority = '0' WHERE id = '111'
2013-02-15 17:32:53 - GTK: DELETE FROM #__pf_task_users WHERE task_id = '111'
2013-02-18 11:33:42 - GTK: UPDATE #__pf_tasks SET title = 'tetete', fdate = '1361183622', pod = 'IT001E00040249', content = 'tete', mdate = '1361183622', edate = '1361554200' , progress = '100', milestone = '0' , campo1 = '', campo2 = '0', campo3 = 'we', campo4 = '', priority = '0' WHERE id = '74'
2013-02-18 11:33:42 - GTK: DELETE FROM #__pf_task_users WHERE task_id = '74'
2013-02-18 13:04:57 - GTK: DELETE FROM #__pf_tasks WHERE id IN(74,40,41,42,43,46,47,48,54,55,56,57,58,59,60,61,62,63,64,65,66,67,68,69,70,71,72,73,75,76,77,78,79,80,81,82,83,84,85,86,87,88,89,90,91,92,93,94,95,96,97,98,99,100,101,102,103,104,105,106,107,108,109,110,111,112,113,114,115,116,117,118,119,120,121)
2013-02-18 13:04:57 - GTK: DELETE FROM #__pf_task_users WHERE task_id IN(74,40,41,42,43,46,47,48,54,55,56,57,58,59,60,61,62,63,64,65,66,67,68,69,70,71,72,73,75,76,77,78,79,80,81,82,83,84,85,86,87,88,89,90,91,92,93,94,95,96,97,98,99,100,101,102,103,104,105,106,107,108,109,110,111,112,113,114,115,116,117,118,119,120,121)
2013-02-18 13:04:57 - GTK: DELETE FROM #__pf_task_attachments WHERE task_id IN(74,40,41,42,43,46,47,48,54,55,56,57,58,59,60,61,62,63,64,65,66,67,68,69,70,71,72,73,75,76,77,78,79,80,81,82,83,84,85,86,87,88,89,90,91,92,93,94,95,96,97,98,99,100,101,102,103,104,105,106,107,108,109,110,111,112,113,114,115,116,117,118,119,120,121)
2013-02-18 16:31:45 - GTK: UPDATE #__pf_tasks SET title = 'test 1x1', fdate = '1361201505', pod = '', content = '', mdate = '1361201505', edate = '0' , progress = '100', milestone = '0' , campo1 = '', campo2 = '', campo3 = '', campo4 = '', priority = '0' WHERE id = '122'
2013-02-18 16:31:45 - GTK: DELETE FROM #__pf_task_users WHERE task_id = '122'
